#
# There is insufficient memory for the Java Runtime Environment to continue.
# Native memory allocation (malloc) failed to allocate 1030496 bytes for Chunk::new
# Possible reasons:
#   The system is out of physical RAM or swap space
#   The process is running with CompressedOops enabled, and the Java Heap may be blocking the growth of the native heap
# Possible solutions:
#   Reduce memory load on the system
#   Increase physical memory or swap space
#   Check if swap backing store is full
#   Decrease Java heap size (-Xmx/-Xms)
#   Decrease number of Java threads
#   Decrease Java thread stack sizes (-Xss)
#   Set larger code cache with -XX:ReservedCodeCacheSize=
#   JVM is running with Unscaled Compressed Oops mode in which the Java heap is
#     placed in the first 4GB address space. The Java Heap base address is the
#     maximum limit for the native heap growth. Please use -XX:HeapBaseMinAddress
#     to set the Java Heap base and to place the Java Heap above 4GB virtual address.
# This output file may be truncated or incomplete.
#
#  Out of Memory Error (arena.cpp:168), pid=13044, tid=6848
#
# JRE version: Java(TM) SE Runtime Environment (21.0.7+8) (build 21.0.7+8-LTS-245)
# Java VM: Java HotSpot(TM) 64-Bit Server VM (21.0.7+8-LTS-245, mixed mode, sharing, tiered, compressed oops, compressed class ptrs, g1 gc, windows-amd64)
# No core dump will be written. Minidumps are not enabled by default on client versions of Windows
#

---------------  S U M M A R Y ------------

Command Line: --add-opens=java.base/java.lang=ALL-UNNAMED --add-opens=java.base/java.lang.invoke=ALL-UNNAMED --add-opens=java.base/java.util=ALL-UNNAMED --add-opens=java.prefs/java.util.prefs=ALL-UNNAMED --add-exports=jdk.compiler/com.sun.tools.javac.api=ALL-UNNAMED --add-exports=jdk.compiler/com.sun.tools.javac.util=ALL-UNNAMED --add-opens=java.base/java.util=ALL-UNNAMED --add-opens=java.prefs/java.util.prefs=ALL-UNNAMED --add-opens=java.base/java.nio.charset=ALL-UNNAMED --add-opens=java.base/java.net=ALL-UNNAMED --add-opens=java.base/java.util.concurrent.atomic=ALL-UNNAMED --add-opens=java.xml/javax.xml.namespace=ALL-UNNAMED -Xmx2048m -Dfile.encoding=UTF-8 -Duser.country=KR -Duser.language=ko -Duser.variant -javaagent:C:\Users\lynn\.gradle\wrapper\dists\gradle-8.13-bin\5xuhj0ry160q40clulazy9h7d\gradle-8.13\lib\agents\gradle-instrumentation-agent-8.13.jar org.gradle.launcher.daemon.bootstrap.GradleDaemon 8.13

Host: Intel(R) Core(TM) i5-7200U CPU @ 2.50GHz, 4 cores, 7G,  Windows 10 , 64 bit Build 19041 (10.0.19041.5915)
Time: Wed Dec  3 14:48:53 2025  Windows 10 , 64 bit Build 19041 (10.0.19041.5915) elapsed time: 16.409092 seconds (0d 0h 0m 16s)

---------------  T H R E A D  ---------------

Current thread (0x000002588a865030):  JavaThread "C2 CompilerThread1" daemon [_thread_in_native, id=6848, stack(0x000000d005d00000,0x000000d005e00000) (1024K)]


Current CompileTask:
C2:  16409 6794   !   4       java.net.URLClassLoader::findClass (47 bytes)

Stack: [0x000000d005d00000,0x000000d005e00000]
Native frames: (J=compiled Java code, j=interpreted, Vv=VM code, C=native code)
V  [jvm.dll+0x6cae19]
V  [jvm.dll+0x855741]
V  [jvm.dll+0x857c6e]
V  [jvm.dll+0x858343]
V  [jvm.dll+0x27e0b6]
V  [jvm.dll+0xc4ecd]
V  [jvm.dll+0xc5403]
V  [jvm.dll+0x2f145d]
V  [jvm.dll+0x5f5a8a]
V  [jvm.dll+0x24fbc2]
V  [jvm.dll+0x24ff7f]
V  [jvm.dll+0x248a9c]
V  [jvm.dll+0x246004]
V  [jvm.dll+0x1c6efe]
V  [jvm.dll+0x255819]
V  [jvm.dll+0x253daa]
V  [jvm.dll+0x3eebb6]
V  [jvm.dll+0x7ffa1b]
V  [jvm.dll+0x6c94fd]
C  [ucrtbase.dll+0x21bb2]
C  [KERNEL32.DLL+0x17374]
C  [ntdll.dll+0x4cc91]


---------------  P R O C E S S  ---------------

Threads class SMR info:
_java_thread_list=0x00000258888718c0, length=46, elements={
0x0000025822f72b20, 0x0000025841224290, 0x0000025841225100, 0x0000025841227770,
0x0000025841228460, 0x0000025841228ac0, 0x000002584122f540, 0x000002584123d3f0,
0x000002584123faa0, 0x00000258411f4d00, 0x0000025841511c20, 0x0000025887d1fb20,
0x0000025887fc4110, 0x0000025887fbfa70, 0x0000025887f4d4c0, 0x0000025887fd0080,
0x000002588827db90, 0x0000025888250960, 0x0000025888289d80, 0x0000025888069070,
0x000002588806a420, 0x000002588806aab0, 0x000002588806c4f0, 0x000002588806b140,
0x0000025888069700, 0x0000025888069d90, 0x000002588806b7d0, 0x000002588806be60,
0x000002588a5c95a0, 0x000002588a5c6e40, 0x000002588a5c8880, 0x000002588a5c9c30,
0x000002588a5c5400, 0x000002588a5c67b0, 0x000002588a5c6120, 0x000002588a5c81f0,
0x000002588a5c74d0, 0x000002588a5cafe0, 0x000002588a5c4050, 0x000002588a5cb670,
0x000002588a5c46e0, 0x000002588a5c4d70, 0x0000025841aabdd0, 0x0000025841aac460,
0x0000025841aacaf0, 0x000002588a865030
}

Java Threads: ( => current thread )
  0x0000025822f72b20 JavaThread "main"                              [_thread_blocked, id=7532, stack(0x000000d003b00000,0x000000d003c00000) (1024K)]
  0x0000025841224290 JavaThread "Reference Handler"          daemon [_thread_blocked, id=1984, stack(0x000000d004300000,0x000000d004400000) (1024K)]
  0x0000025841225100 JavaThread "Finalizer"                  daemon [_thread_blocked, id=7892, stack(0x000000d004400000,0x000000d004500000) (1024K)]
  0x0000025841227770 JavaThread "Signal Dispatcher"          daemon [_thread_blocked, id=12084, stack(0x000000d004500000,0x000000d004600000) (1024K)]
  0x0000025841228460 JavaThread "Attach Listener"            daemon [_thread_blocked, id=8728, stack(0x000000d004600000,0x000000d004700000) (1024K)]
  0x0000025841228ac0 JavaThread "Service Thread"             daemon [_thread_blocked, id=5092, stack(0x000000d004700000,0x000000d004800000) (1024K)]
  0x000002584122f540 JavaThread "Monitor Deflation Thread"   daemon [_thread_blocked, id=9544, stack(0x000000d004800000,0x000000d004900000) (1024K)]
  0x000002584123d3f0 JavaThread "C2 CompilerThread0"         daemon [_thread_in_native, id=11492, stack(0x000000d004900000,0x000000d004a00000) (1024K)]
  0x000002584123faa0 JavaThread "C1 CompilerThread0"         daemon [_thread_blocked, id=4016, stack(0x000000d004a00000,0x000000d004b00000) (1024K)]
  0x00000258411f4d00 JavaThread "Common-Cleaner"             daemon [_thread_blocked, id=12940, stack(0x000000d004b00000,0x000000d004c00000) (1024K)]
  0x0000025841511c20 JavaThread "Notification Thread"        daemon [_thread_blocked, id=9164, stack(0x000000d004c00000,0x000000d004d00000) (1024K)]
  0x0000025887d1fb20 JavaThread "Daemon health stats"               [_thread_blocked, id=6568, stack(0x000000d005100000,0x000000d005200000) (1024K)]
  0x0000025887fc4110 JavaThread "Incoming local TCP Connector on port 53569"        [_thread_in_native, id=1048, stack(0x000000d005200000,0x000000d005300000) (1024K)]
  0x0000025887fbfa70 JavaThread "Daemon periodic checks"            [_thread_blocked, id=2724, stack(0x000000d005300000,0x000000d005400000) (1024K)]
  0x0000025887f4d4c0 JavaThread "Daemon"                            [_thread_blocked, id=3056, stack(0x000000d005400000,0x000000d005500000) (1024K)]
  0x0000025887fd0080 JavaThread "Handler for socket connection from /127.0.0.1:53569 to /127.0.0.1:53570"        [_thread_in_native, id=5980, stack(0x000000d005500000,0x000000d005600000) (1024K)]
  0x000002588827db90 JavaThread "Cancel handler"                    [_thread_blocked, id=2504, stack(0x000000d005600000,0x000000d005700000) (1024K)]
  0x0000025888250960 JavaThread "Daemon worker"                     [_thread_in_native, id=1992, stack(0x000000d005700000,0x000000d005800000) (1024K)]
  0x0000025888289d80 JavaThread "Asynchronous log dispatcher for DefaultDaemonConnection: socket connection from /127.0.0.1:53569 to /127.0.0.1:53570"        [_thread_blocked, id=11672, stack(0x000000d005800000,0x000000d005900000) (1024K)]
  0x0000025888069070 JavaThread "Stdin handler"                     [_thread_blocked, id=11056, stack(0x000000d005900000,0x000000d005a00000) (1024K)]
  0x000002588806a420 JavaThread "Daemon client event forwarder"        [_thread_blocked, id=6688, stack(0x000000d005a00000,0x000000d005b00000) (1024K)]
  0x000002588806aab0 JavaThread "Cache worker for journal cache (C:\Users\lynn\.gradle\caches\journal-1)"        [_thread_blocked, id=2116, stack(0x000000d004d00000,0x000000d004e00000) (1024K)]
  0x000002588806c4f0 JavaThread "File lock request listener"        [_thread_in_native, id=4124, stack(0x000000d005b00000,0x000000d005c00000) (1024K)]
  0x000002588806b140 JavaThread "Cache worker for file hash cache (C:\Users\lynn\.gradle\caches\8.13\fileHashes)"        [_thread_blocked, id=11576, stack(0x000000d005c00000,0x000000d005d00000) (1024K)]
  0x0000025888069700 JavaThread "Cache worker for file hash cache (C:\Users\lynn\StudioProjects\smart-barricade-app\.gradle\8.13\fileHashes)"        [_thread_blocked, id=13084, stack(0x000000d005e00000,0x000000d005f00000) (1024K)]
  0x0000025888069d90 JavaThread "Cache worker for Build Output Cleanup Cache (C:\Users\lynn\StudioProjects\smart-barricade-app\.gradle\buildOutputCleanup)"        [_thread_blocked, id=12988, stack(0x000000d005f00000,0x000000d006000000) (1024K)]
  0x000002588806b7d0 JavaThread "File watcher server"        daemon [_thread_in_native, id=9668, stack(0x000000d006000000,0x000000d006100000) (1024K)]
  0x000002588806be60 JavaThread "File watcher consumer"      daemon [_thread_blocked, id=12776, stack(0x000000d006100000,0x000000d006200000) (1024K)]
  0x000002588a5c95a0 JavaThread "jar transforms"                    [_thread_blocked, id=7524, stack(0x000000d006200000,0x000000d006300000) (1024K)]
  0x000002588a5c6e40 JavaThread "jar transforms Thread 2"           [_thread_blocked, id=13160, stack(0x000000d006300000,0x000000d006400000) (1024K)]
  0x000002588a5c8880 JavaThread "Cache worker for checksums cache (C:\Users\lynn\StudioProjects\smart-barricade-app\.gradle\8.13\checksums)"        [_thread_blocked, id=7604, stack(0x000000d006400000,0x000000d006500000) (1024K)]
  0x000002588a5c9c30 JavaThread "Cache worker for file content cache (C:\Users\lynn\.gradle\caches\8.13\fileContent)"        [_thread_blocked, id=4044, stack(0x000000d006500000,0x000000d006600000) (1024K)]
  0x000002588a5c5400 JavaThread "jar transforms Thread 3"           [_thread_blocked, id=12412, stack(0x000000d006600000,0x000000d006700000) (1024K)]
  0x000002588a5c67b0 JavaThread "Cache worker for cache directory md-supplier (C:\Users\lynn\.gradle\caches\8.13\md-supplier)"        [_thread_blocked, id=9520, stack(0x000000d006700000,0x000000d006800000) (1024K)]
  0x000002588a5c6120 JavaThread "Cache worker for cache directory md-rule (C:\Users\lynn\.gradle\caches\8.13\md-rule)"        [_thread_blocked, id=10856, stack(0x000000d006800000,0x000000d006900000) (1024K)]
  0x000002588a5c81f0 JavaThread "Unconstrained build operations"        [_thread_blocked, id=10784, stack(0x000000d006900000,0x000000d006a00000) (1024K)]
  0x000002588a5c74d0 JavaThread "Unconstrained build operations Thread 2"        [_thread_blocked, id=12716, stack(0x000000d006a00000,0x000000d006b00000) (1024K)]
  0x000002588a5cafe0 JavaThread "Unconstrained build operations Thread 3"        [_thread_blocked, id=8788, stack(0x000000d006b00000,0x000000d006c00000) (1024K)]
  0x000002588a5c4050 JavaThread "Unconstrained build operations Thread 4"        [_thread_blocked, id=12156, stack(0x000000d006c00000,0x000000d006d00000) (1024K)]
  0x000002588a5cb670 JavaThread "Unconstrained build operations Thread 5"        [_thread_blocked, id=6328, stack(0x000000d006d00000,0x000000d006e00000) (1024K)]
  0x000002588a5c46e0 JavaThread "Unconstrained build operations Thread 6"        [_thread_blocked, id=10724, stack(0x000000d006e00000,0x000000d006f00000) (1024K)]
  0x000002588a5c4d70 JavaThread "jar transforms Thread 4"           [_thread_blocked, id=6008, stack(0x000000d006f00000,0x000000d007000000) (1024K)]
  0x0000025841aabdd0 JavaThread "Unconstrained build operations Thread 7"        [_thread_blocked, id=13180, stack(0x000000d007000000,0x000000d007100000) (1024K)]
  0x0000025841aac460 JavaThread "Unconstrained build operations Thread 8"        [_thread_blocked, id=6124, stack(0x000000d007100000,0x000000d007200000) (1024K)]
  0x0000025841aacaf0 JavaThread "Unconstrained build operations Thread 9"        [_thread_blocked, id=1872, stack(0x000000d007200000,0x000000d007300000) (1024K)]
=>0x000002588a865030 JavaThread "C2 CompilerThread1"         daemon [_thread_in_native, id=6848, stack(0x000000d005d00000,0x000000d005e00000) (1024K)]
Total: 46

Other Threads:
  0x0000025841204700 VMThread "VM Thread"                           [id=11700, stack(0x000000d004200000,0x000000d004300000) (1024K)]
  0x00000258411f3fe0 WatcherThread "VM Periodic Task Thread"        [id=11876, stack(0x000000d004100000,0x000000d004200000) (1024K)]
  0x00000258231b4a50 WorkerThread "GC Thread#0"                     [id=6180, stack(0x000000d003c00000,0x000000d003d00000) (1024K)]
  0x00000258417d45f0 WorkerThread "GC Thread#1"                     [id=5752, stack(0x000000d004e00000,0x000000d004f00000) (1024K)]
  0x00000258417d4990 WorkerThread "GC Thread#2"                     [id=10128, stack(0x000000d004f00000,0x000000d005000000) (1024K)]
  0x00000258414c0680 WorkerThread "GC Thread#3"                     [id=4648, stack(0x000000d005000000,0x000000d005100000) (1024K)]
  0x00000258231c5af0 ConcurrentGCThread "G1 Main Marker"            [id=6376, stack(0x000000d003d00000,0x000000d003e00000) (1024K)]
  0x00000258231c7cb0 WorkerThread "G1 Conc#0"                       [id=8748, stack(0x000000d003e00000,0x000000d003f00000) (1024K)]
  0x000002582322e840 ConcurrentGCThread "G1 Refine#0"               [id=11680, stack(0x000000d003f00000,0x000000d004000000) (1024K)]
  0x00000258410b84f0 ConcurrentGCThread "G1 Service"                [id=8564, stack(0x000000d004000000,0x000000d004100000) (1024K)]
Total: 10

Threads with active compile tasks:
C2 CompilerThread0    16464 6797   !   4       java.net.URLClassLoader$1::run (81 bytes)
C2 CompilerThread1    16464 6794   !   4       java.net.URLClassLoader::findClass (47 bytes)
Total: 2

VM state: not at safepoint (normal execution)

VM Mutex/Monitor currently owned by a thread: None

Heap address: 0x0000000080000000, size: 2048 MB, Compressed Oops mode: 32-bit

CDS archive(s) mapped at: [0x0000025842000000-0x0000025842c90000-0x0000025842c90000), size 13172736, SharedBaseAddress: 0x0000025842000000, ArchiveRelocationMode: 1.
Compressed class space mapped at: 0x0000025843000000-0x0000025883000000, reserved size: 1073741824
Narrow klass base: 0x0000025842000000, Narrow klass shift: 0, Narrow klass range: 0x100000000

GC Precious Log:
 CardTable entry size: 512
 Card Set container configuration: InlinePtr #cards 5 size 8 Array Of Cards #cards 12 size 40 Howl #buckets 4 coarsen threshold 1843 Howl Bitmap #cards 512 size 80 coarsen threshold 460 Card regions per heap region 1 cards per card region 2048
 CPUs: 4 total, 4 available
 Memory: 8105M
 Large Page Support: Disabled
 NUMA Support: Disabled
 Compressed Oops: Enabled (32-bit)
 Heap Region Size: 1M
 Heap Min Capacity: 8M
 Heap Initial Capacity: 128M
 Heap Max Capacity: 2G
 Pre-touch: Disabled
 Parallel Workers: 4
 Concurrent Workers: 1
 Concurrent Refinement Workers: 4
 Periodic GC: Disabled

Heap:
 garbage-first heap   total 110592K, used 63652K [0x0000000080000000, 0x0000000100000000)
  region size 1024K, 21 young (21504K), 5 survivors (5120K)
 Metaspace       used 63065K, committed 65024K, reserved 1114112K
  class space    used 8800K, committed 9792K, reserved 1048576K

Heap Regions: E=young(eden), S=young(survivor), O=old, HS=humongous(starts), HC=humongous(continues), CS=collection set, F=free, TAMS=top-at-mark-start, PB=parsable bottom
|   0|0x0000000080000000, 0x0000000080100000, 0x0000000080100000|100%|HS|  |TAMS 0x0000000080000000| PB 0x0000000080000000| Complete 
|   1|0x0000000080100000, 0x0000000080200000, 0x0000000080200000|100%|HC|  |TAMS 0x0000000080100000| PB 0x0000000080100000| Complete 
|   2|0x0000000080200000, 0x0000000080300000, 0x0000000080300000|100%|HC|  |TAMS 0x0000000080200000| PB 0x0000000080200000| Complete 
|   3|0x0000000080300000, 0x0000000080400000, 0x0000000080400000|100%| O|  |TAMS 0x0000000080300000| PB 0x0000000080300000| Untracked 
|   4|0x0000000080400000, 0x0000000080500000, 0x0000000080500000|100%| O|  |TAMS 0x0000000080400000| PB 0x0000000080400000| Untracked 
|   5|0x0000000080500000, 0x0000000080600000, 0x0000000080600000|100%| O|  |TAMS 0x0000000080500000| PB 0x0000000080500000| Untracked 
|   6|0x0000000080600000, 0x0000000080700000, 0x0000000080700000|100%| O|  |TAMS 0x0000000080600000| PB 0x0000000080600000| Untracked 
|   7|0x0000000080700000, 0x0000000080800000, 0x0000000080800000|100%|HS|  |TAMS 0x0000000080700000| PB 0x0000000080700000| Complete 
|   8|0x0000000080800000, 0x0000000080900000, 0x0000000080900000|100%| O|  |TAMS 0x0000000080800000| PB 0x0000000080800000| Untracked 
|   9|0x0000000080900000, 0x0000000080a00000, 0x0000000080a00000|100%| O|  |TAMS 0x0000000080900000| PB 0x0000000080900000| Untracked 
|  10|0x0000000080a00000, 0x0000000080b00000, 0x0000000080b00000|100%| O|  |TAMS 0x0000000080a00000| PB 0x0000000080a00000| Untracked 
|  11|0x0000000080b00000, 0x0000000080c00000, 0x0000000080c00000|100%| O|  |TAMS 0x0000000080b00000| PB 0x0000000080b00000| Untracked 
|  12|0x0000000080c00000, 0x0000000080d00000, 0x0000000080d00000|100%| O|  |TAMS 0x0000000080c00000| PB 0x0000000080c00000| Untracked 
|  13|0x0000000080d00000, 0x0000000080e00000, 0x0000000080e00000|100%| O|  |TAMS 0x0000000080d00000| PB 0x0000000080d00000| Untracked 
|  14|0x0000000080e00000, 0x0000000080f00000, 0x0000000080f00000|100%| O|  |TAMS 0x0000000080e00000| PB 0x0000000080e00000| Untracked 
|  15|0x0000000080f00000, 0x0000000081000000, 0x0000000081000000|100%| O|  |TAMS 0x0000000080f00000| PB 0x0000000080f00000| Untracked 
|  16|0x0000000081000000, 0x0000000081100000, 0x0000000081100000|100%| O|  |TAMS 0x0000000081000000| PB 0x0000000081000000| Untracked 
|  17|0x0000000081100000, 0x0000000081200000, 0x0000000081200000|100%| O|  |TAMS 0x0000000081100000| PB 0x0000000081100000| Untracked 
|  18|0x0000000081200000, 0x0000000081300000, 0x0000000081300000|100%| O|  |TAMS 0x0000000081200000| PB 0x0000000081200000| Untracked 
|  19|0x0000000081300000, 0x0000000081400000, 0x0000000081400000|100%| O|  |TAMS 0x0000000081300000| PB 0x0000000081300000| Untracked 
|  20|0x0000000081400000, 0x0000000081500000, 0x0000000081500000|100%| O|  |TAMS 0x0000000081400000| PB 0x0000000081400000| Untracked 
|  21|0x0000000081500000, 0x0000000081600000, 0x0000000081600000|100%| O|  |TAMS 0x0000000081500000| PB 0x0000000081500000| Untracked 
|  22|0x0000000081600000, 0x0000000081700000, 0x0000000081700000|100%| O|  |TAMS 0x0000000081600000| PB 0x0000000081600000| Untracked 
|  23|0x0000000081700000, 0x0000000081800000, 0x0000000081800000|100%| O|  |TAMS 0x0000000081700000| PB 0x0000000081700000| Untracked 
|  24|0x0000000081800000, 0x0000000081800000, 0x0000000081900000|  0%| F|  |TAMS 0x0000000081800000| PB 0x0000000081800000| Untracked 
|  25|0x0000000081900000, 0x0000000081a00000, 0x0000000081a00000|100%| O|  |TAMS 0x0000000081900000| PB 0x0000000081900000| Untracked 
|  26|0x0000000081a00000, 0x0000000081b00000, 0x0000000081b00000|100%|HS|  |TAMS 0x0000000081a00000| PB 0x0000000081a00000| Complete 
|  27|0x0000000081b00000, 0x0000000081c00000, 0x0000000081c00000|100%|HC|  |TAMS 0x0000000081b00000| PB 0x0000000081b00000| Complete 
|  28|0x0000000081c00000, 0x0000000081d00000, 0x0000000081d00000|100%| O|  |TAMS 0x0000000081c00000| PB 0x0000000081c00000| Untracked 
|  29|0x0000000081d00000, 0x0000000081e00000, 0x0000000081e00000|100%| O|  |TAMS 0x0000000081d00000| PB 0x0000000081d00000| Untracked 
|  30|0x0000000081e00000, 0x0000000081f00000, 0x0000000081f00000|100%| O|  |TAMS 0x0000000081e00000| PB 0x0000000081e00000| Untracked 
|  31|0x0000000081f00000, 0x0000000082000000, 0x0000000082000000|100%| O|  |TAMS 0x0000000081f00000| PB 0x0000000081f00000| Untracked 
|  32|0x0000000082000000, 0x0000000082100000, 0x0000000082100000|100%| O|  |TAMS 0x0000000082000000| PB 0x0000000082000000| Untracked 
|  33|0x0000000082100000, 0x0000000082200000, 0x0000000082200000|100%| O|  |TAMS 0x0000000082100000| PB 0x0000000082100000| Untracked 
|  34|0x0000000082200000, 0x0000000082300000, 0x0000000082300000|100%| O|  |TAMS 0x0000000082200000| PB 0x0000000082200000| Untracked 
|  35|0x0000000082300000, 0x0000000082400000, 0x0000000082400000|100%| O|  |TAMS 0x0000000082300000| PB 0x0000000082300000| Untracked 
|  36|0x0000000082400000, 0x0000000082400000, 0x0000000082500000|  0%| F|  |TAMS 0x0000000082400000| PB 0x0000000082400000| Untracked 
|  37|0x0000000082500000, 0x0000000082500000, 0x0000000082600000|  0%| F|  |TAMS 0x0000000082500000| PB 0x0000000082500000| Untracked 
|  38|0x0000000082600000, 0x0000000082600000, 0x0000000082700000|  0%| F|  |TAMS 0x0000000082600000| PB 0x0000000082600000| Untracked 
|  39|0x0000000082700000, 0x0000000082800000, 0x0000000082800000|100%| O|  |TAMS 0x0000000082700000| PB 0x0000000082700000| Untracked 
|  40|0x0000000082800000, 0x0000000082900000, 0x0000000082900000|100%| O|  |TAMS 0x0000000082800000| PB 0x0000000082800000| Untracked 
|  41|0x0000000082900000, 0x0000000082a00000, 0x0000000082a00000|100%| O|  |TAMS 0x0000000082900000| PB 0x0000000082900000| Untracked 
|  42|0x0000000082a00000, 0x0000000082b00000, 0x0000000082b00000|100%| O|  |TAMS 0x0000000082a00000| PB 0x0000000082a00000| Untracked 
|  43|0x0000000082b00000, 0x0000000082c00000, 0x0000000082c00000|100%| O|  |TAMS 0x0000000082b00000| PB 0x0000000082b00000| Untracked 
|  44|0x0000000082c00000, 0x0000000082d00000, 0x0000000082d00000|100%| O|  |TAMS 0x0000000082c00000| PB 0x0000000082c00000| Untracked 
|  45|0x0000000082d00000, 0x0000000082e00000, 0x0000000082e00000|100%| O|  |TAMS 0x0000000082d00000| PB 0x0000000082d00000| Untracked 
|  46|0x0000000082e00000, 0x0000000082e00000, 0x0000000082f00000|  0%| F|  |TAMS 0x0000000082e00000| PB 0x0000000082e00000| Untracked 
|  47|0x0000000082f00000, 0x0000000082f00000, 0x0000000083000000|  0%| F|  |TAMS 0x0000000082f00000| PB 0x0000000082f00000| Untracked 
|  48|0x0000000083000000, 0x0000000083100000, 0x0000000083100000|100%| O|  |TAMS 0x0000000083000000| PB 0x0000000083000000| Untracked 
|  49|0x0000000083100000, 0x0000000083200000, 0x0000000083200000|100%| O|  |TAMS 0x0000000083100000| PB 0x0000000083100000| Untracked 
|  50|0x0000000083200000, 0x0000000083229240, 0x0000000083300000| 16%| S|CS|TAMS 0x0000000083200000| PB 0x0000000083200000| Complete 
|  51|0x0000000083300000, 0x0000000083400000, 0x0000000083400000|100%| S|CS|TAMS 0x0000000083300000| PB 0x0000000083300000| Complete 
|  52|0x0000000083400000, 0x0000000083400000, 0x0000000083500000|  0%| F|  |TAMS 0x0000000083400000| PB 0x0000000083400000| Untracked 
|  53|0x0000000083500000, 0x0000000083500000, 0x0000000083600000|  0%| F|  |TAMS 0x0000000083500000| PB 0x0000000083500000| Untracked 
|  54|0x0000000083600000, 0x0000000083700000, 0x0000000083700000|100%| S|CS|TAMS 0x0000000083600000| PB 0x0000000083600000| Complete 
|  55|0x0000000083700000, 0x0000000083800000, 0x0000000083800000|100%| S|CS|TAMS 0x0000000083700000| PB 0x0000000083700000| Complete 
|  56|0x0000000083800000, 0x0000000083900000, 0x0000000083900000|100%| S|CS|TAMS 0x0000000083800000| PB 0x0000000083800000| Complete 
|  57|0x0000000083900000, 0x0000000083900000, 0x0000000083a00000|  0%| F|  |TAMS 0x0000000083900000| PB 0x0000000083900000| Untracked 
|  58|0x0000000083a00000, 0x0000000083a00000, 0x0000000083b00000|  0%| F|  |TAMS 0x0000000083a00000| PB 0x0000000083a00000| Untracked 
|  59|0x0000000083b00000, 0x0000000083b00000, 0x0000000083c00000|  0%| F|  |TAMS 0x0000000083b00000| PB 0x0000000083b00000| Untracked 
|  60|0x0000000083c00000, 0x0000000083c00000, 0x0000000083d00000|  0%| F|  |TAMS 0x0000000083c00000| PB 0x0000000083c00000| Untracked 
|  61|0x0000000083d00000, 0x0000000083d00000, 0x0000000083e00000|  0%| F|  |TAMS 0x0000000083d00000| PB 0x0000000083d00000| Untracked 
|  62|0x0000000083e00000, 0x0000000083e00000, 0x0000000083f00000|  0%| F|  |TAMS 0x0000000083e00000| PB 0x0000000083e00000| Untracked 
|  63|0x0000000083f00000, 0x0000000083f00000, 0x0000000084000000|  0%| F|  |TAMS 0x0000000083f00000| PB 0x0000000083f00000| Untracked 
|  64|0x0000000084000000, 0x0000000084000000, 0x0000000084100000|  0%| F|  |TAMS 0x0000000084000000| PB 0x0000000084000000| Untracked 
|  65|0x0000000084100000, 0x0000000084100000, 0x0000000084200000|  0%| F|  |TAMS 0x0000000084100000| PB 0x0000000084100000| Untracked 
|  66|0x0000000084200000, 0x0000000084200000, 0x0000000084300000|  0%| F|  |TAMS 0x0000000084200000| PB 0x0000000084200000| Untracked 
|  67|0x0000000084300000, 0x0000000084300000, 0x0000000084400000|  0%| F|  |TAMS 0x0000000084300000| PB 0x0000000084300000| Untracked 
|  68|0x0000000084400000, 0x0000000084400000, 0x0000000084500000|  0%| F|  |TAMS 0x0000000084400000| PB 0x0000000084400000| Untracked 
|  69|0x0000000084500000, 0x0000000084500000, 0x0000000084600000|  0%| F|  |TAMS 0x0000000084500000| PB 0x0000000084500000| Untracked 
|  70|0x0000000084600000, 0x0000000084600000, 0x0000000084700000|  0%| F|  |TAMS 0x0000000084600000| PB 0x0000000084600000| Untracked 
|  71|0x0000000084700000, 0x0000000084700000, 0x0000000084800000|  0%| F|  |TAMS 0x0000000084700000| PB 0x0000000084700000| Untracked 
|  72|0x0000000084800000, 0x0000000084800000, 0x0000000084900000|  0%| F|  |TAMS 0x0000000084800000| PB 0x0000000084800000| Untracked 
|  73|0x0000000084900000, 0x0000000084900000, 0x0000000084a00000|  0%| F|  |TAMS 0x0000000084900000| PB 0x0000000084900000| Untracked 
|  74|0x0000000084a00000, 0x0000000084a00000, 0x0000000084b00000|  0%| F|  |TAMS 0x0000000084a00000| PB 0x0000000084a00000| Untracked 
|  75|0x0000000084b00000, 0x0000000084b00000, 0x0000000084c00000|  0%| F|  |TAMS 0x0000000084b00000| PB 0x0000000084b00000| Untracked 
|  76|0x0000000084c00000, 0x0000000084c00000, 0x0000000084d00000|  0%| F|  |TAMS 0x0000000084c00000| PB 0x0000000084c00000| Untracked 
|  77|0x0000000084d00000, 0x0000000084d00000, 0x0000000084e00000|  0%| F|  |TAMS 0x0000000084d00000| PB 0x0000000084d00000| Untracked 
|  78|0x0000000084e00000, 0x0000000084e00000, 0x0000000084f00000|  0%| F|  |TAMS 0x0000000084e00000| PB 0x0000000084e00000| Untracked 
|  79|0x0000000084f00000, 0x0000000084f00000, 0x0000000085000000|  0%| F|  |TAMS 0x0000000084f00000| PB 0x0000000084f00000| Untracked 
|  80|0x0000000085000000, 0x0000000085000000, 0x0000000085100000|  0%| F|  |TAMS 0x0000000085000000| PB 0x0000000085000000| Untracked 
|  81|0x0000000085100000, 0x0000000085100000, 0x0000000085200000|  0%| F|  |TAMS 0x0000000085100000| PB 0x0000000085100000| Untracked 
|  82|0x0000000085200000, 0x0000000085200000, 0x0000000085300000|  0%| F|  |TAMS 0x0000000085200000| PB 0x0000000085200000| Untracked 
|  83|0x0000000085300000, 0x0000000085300000, 0x0000000085400000|  0%| F|  |TAMS 0x0000000085300000| PB 0x0000000085300000| Untracked 
|  84|0x0000000085400000, 0x0000000085400000, 0x0000000085500000|  0%| F|  |TAMS 0x0000000085400000| PB 0x0000000085400000| Untracked 
|  85|0x0000000085500000, 0x0000000085500000, 0x0000000085600000|  0%| F|  |TAMS 0x0000000085500000| PB 0x0000000085500000| Untracked 
|  86|0x0000000085600000, 0x0000000085600000, 0x0000000085700000|  0%| F|  |TAMS 0x0000000085600000| PB 0x0000000085600000| Untracked 
|  87|0x0000000085700000, 0x0000000085700000, 0x0000000085800000|  0%| F|  |TAMS 0x0000000085700000| PB 0x0000000085700000| Untracked 
|  88|0x0000000085800000, 0x0000000085800000, 0x0000000085900000|  0%| F|  |TAMS 0x0000000085800000| PB 0x0000000085800000| Untracked 
|  89|0x0000000085900000, 0x0000000085900000, 0x0000000085a00000|  0%| F|  |TAMS 0x0000000085900000| PB 0x0000000085900000| Untracked 
|  90|0x0000000085a00000, 0x0000000085a00000, 0x0000000085b00000|  0%| F|  |TAMS 0x0000000085a00000| PB 0x0000000085a00000| Untracked 
|  91|0x0000000085b00000, 0x0000000085b00000, 0x0000000085c00000|  0%| F|  |TAMS 0x0000000085b00000| PB 0x0000000085b00000| Untracked 
|  92|0x0000000085c00000, 0x0000000085d00000, 0x0000000085d00000|100%| E|  |TAMS 0x0000000085c00000| PB 0x0000000085c00000| Complete 
|  93|0x0000000085d00000, 0x0000000085e00000, 0x0000000085e00000|100%| E|CS|TAMS 0x0000000085d00000| PB 0x0000000085d00000| Complete 
|  94|0x0000000085e00000, 0x0000000085f00000, 0x0000000085f00000|100%| E|CS|TAMS 0x0000000085e00000| PB 0x0000000085e00000| Complete 
|  95|0x0000000085f00000, 0x0000000086000000, 0x0000000086000000|100%| E|CS|TAMS 0x0000000085f00000| PB 0x0000000085f00000| Complete 
|  96|0x0000000086000000, 0x0000000086100000, 0x0000000086100000|100%| E|CS|TAMS 0x0000000086000000| PB 0x0000000086000000| Complete 
|  97|0x0000000086100000, 0x0000000086200000, 0x0000000086200000|100%| E|CS|TAMS 0x0000000086100000| PB 0x0000000086100000| Complete 
|  98|0x0000000086200000, 0x0000000086300000, 0x0000000086300000|100%| E|CS|TAMS 0x0000000086200000| PB 0x0000000086200000| Complete 
| 100|0x0000000086400000, 0x0000000086500000, 0x0000000086500000|100%| E|CS|TAMS 0x0000000086400000| PB 0x0000000086400000| Complete 
| 101|0x0000000086500000, 0x0000000086600000, 0x0000000086600000|100%| E|CS|TAMS 0x0000000086500000| PB 0x0000000086500000| Complete 
| 102|0x0000000086600000, 0x0000000086700000, 0x0000000086700000|100%| E|CS|TAMS 0x0000000086600000| PB 0x0000000086600000| Complete 
| 103|0x0000000086700000, 0x0000000086800000, 0x0000000086800000|100%| E|CS|TAMS 0x0000000086700000| PB 0x0000000086700000| Complete 
| 104|0x0000000086800000, 0x0000000086900000, 0x0000000086900000|100%| E|CS|TAMS 0x0000000086800000| PB 0x0000000086800000| Complete 
| 105|0x0000000086900000, 0x0000000086a00000, 0x0000000086a00000|100%| E|CS|TAMS 0x0000000086900000| PB 0x0000000086900000| Complete 
| 106|0x0000000086a00000, 0x0000000086b00000, 0x0000000086b00000|100%| E|CS|TAMS 0x0000000086a00000| PB 0x0000000086a00000| Complete 
| 126|0x0000000087e00000, 0x0000000087f00000, 0x0000000087f00000|100%| E|CS|TAMS 0x0000000087e00000| PB 0x0000000087e00000| Complete 
| 127|0x0000000087f00000, 0x0000000088000000, 0x0000000088000000|100%| E|  |TAMS 0x0000000087f00000| PB 0x0000000087f00000| Complete 

Card table byte_map: [0x000002583c800000,0x000002583cc00000] _byte_map_base: 0x000002583c400000

Marking Bits: (CMBitMap*) 0x00000258231b5060
 Bits: [0x000002583cc00000, 0x000002583ec00000)

Polling page: 0x0000025823230000

Metaspace:

Usage:
  Non-class:     52.99 MB used.
      Class:      8.59 MB used.
       Both:     61.59 MB used.

Virtual space:
  Non-class space:       64.00 MB reserved,      53.94 MB ( 84%) committed,  1 nodes.
      Class space:        1.00 GB reserved,       9.56 MB ( <1%) committed,  1 nodes.
             Both:        1.06 GB reserved,      63.50 MB (  6%) committed. 

Chunk freelists:
   Non-Class:  10.06 MB
       Class:  6.48 MB
        Both:  16.55 MB

MaxMetaspaceSize: unlimited
CompressedClassSpaceSize: 1.00 GB
Initial GC threshold: 21.00 MB
Current GC threshold: 85.94 MB
CDS: on
 - commit_granule_bytes: 65536.
 - commit_granule_words: 8192.
 - virtual_space_node_default_size: 8388608.
 - enlarge_chunks_in_place: 1.
 - use_allocation_guard: 0.


Internal statistics:

num_allocs_failed_limit: 6.
num_arena_births: 3282.
num_arena_deaths: 0.
num_vsnodes_births: 2.
num_vsnodes_deaths: 0.
num_space_committed: 1016.
num_space_uncommitted: 0.
num_chunks_returned_to_freelist: 6.
num_chunks_taken_from_freelist: 6133.
num_chunk_merges: 6.
num_chunk_splits: 3998.
num_chunks_enlarged: 2461.
num_inconsistent_stats: 0.

CodeHeap 'non-profiled nmethods': size=120000Kb used=3702Kb max_used=3702Kb free=116297Kb
 bounds [0x00000258348b0000, 0x0000025834c50000, 0x000002583bde0000]
CodeHeap 'profiled nmethods': size=120000Kb used=11862Kb max_used=11862Kb free=108138Kb
 bounds [0x000002582cde0000, 0x000002582d980000, 0x0000025834310000]
CodeHeap 'non-nmethods': size=5760Kb used=2812Kb max_used=2838Kb free=2947Kb
 bounds [0x0000025834310000, 0x00000258345f0000, 0x00000258348b0000]
 total_blobs=6980 nmethods=6057 adapters=827
 compilation: enabled
              stopped_count=0, restarted_count=0
 full_count=0

Compilation events (20 events):
Event: 16.250 Thread 0x000002584123faa0 6799   !   3       java.util.stream.ReferencePipeline$7$1::accept (127 bytes)
Event: 16.251 Thread 0x000002584123d3f0 nmethod 6789 0x0000025834c49390 code [0x0000025834c49780, 0x0000025834c4be48]
Event: 16.251 Thread 0x000002584123faa0 nmethod 6799 0x000002582d96d810 code [0x000002582d96daa0, 0x000002582d96ea10]
Event: 16.252 Thread 0x000002584123d3f0 6797   !   4       java.net.URLClassLoader$1::run (81 bytes)
Event: 16.287 Thread 0x000002584123faa0 6800       3       java.util.EnumSet::of (16 bytes)
Event: 16.287 Thread 0x000002584123faa0 nmethod 6800 0x000002582d96f090 code [0x000002582d96f280, 0x000002582d96f580]
Event: 16.304 Thread 0x000002584123faa0 6801       3       java.lang.StringLatin1::regionMatchesCI (45 bytes)
Event: 16.304 Thread 0x000002584123faa0 nmethod 6801 0x000002582d96f790 code [0x000002582d96f960, 0x000002582d96fc28]
Event: 16.308 Thread 0x000002584123faa0 6802       3       java.util.BitSet::get (69 bytes)
Event: 16.308 Thread 0x000002584123faa0 nmethod 6802 0x000002582d96fe10 code [0x000002582d970060, 0x000002582d970810]
Event: 16.308 Thread 0x000002584123faa0 6803       3       org.apache.http.message.ParserCursor::atEnd (17 bytes)
Event: 16.308 Thread 0x000002584123faa0 nmethod 6803 0x000002582d970b90 code [0x000002582d970d20, 0x000002582d970e88]
Event: 16.308 Thread 0x000002584123faa0 6804       3       org.apache.http.message.ParserCursor::updatePos (100 bytes)
Event: 16.309 Thread 0x000002584123faa0 nmethod 6804 0x000002582d970f10 code [0x000002582d971240, 0x000002582d972008]
Event: 16.309 Thread 0x000002584123faa0 6805       1       java.nio.charset.CharsetDecoder::charset (5 bytes)
Event: 16.309 Thread 0x000002584123faa0 nmethod 6805 0x0000025834c4d610 code [0x0000025834c4d7a0, 0x0000025834c4d868]
Event: 16.314 Thread 0x000002584123faa0 6806   !   2       jdk.internal.loader.Resource::getBytes (244 bytes)
Event: 16.315 Thread 0x000002584123faa0 nmethod 6806 0x000002582d972590 code [0x000002582d972820, 0x000002582d973280]
Event: 16.317 Thread 0x000002584123faa0 6807       2       jdk.internal.loader.URLClassPath$JarLoader$2::getBytes (48 bytes)
Event: 16.317 Thread 0x000002584123faa0 nmethod 6807 0x000002582d973a10 code [0x000002582d973be0, 0x000002582d973f10]

GC Heap History (20 events):
Event: 6.316 GC heap before
{Heap before GC invocations=4 (full 0):
 garbage-first heap   total 131072K, used 43286K [0x0000000080000000, 0x0000000100000000)
  region size 1024K, 26 young (26624K), 5 survivors (5120K)
 Metaspace       used 20901K, committed 21504K, reserved 1114112K
  class space    used 2995K, committed 3264K, reserved 1048576K
}
Event: 6.323 GC heap after
{Heap after GC invocations=5 (full 0):
 garbage-first heap   total 131072K, used 24573K [0x0000000080000000, 0x0000000100000000)
  region size 1024K, 7 young (7168K), 7 survivors (7168K)
 Metaspace       used 20901K, committed 21504K, reserved 1114112K
  class space    used 2995K, committed 3264K, reserved 1048576K
}
Event: 7.803 GC heap before
{Heap before GC invocations=6 (full 0):
 garbage-first heap   total 92160K, used 72701K [0x0000000080000000, 0x0000000100000000)
  region size 1024K, 54 young (55296K), 7 survivors (7168K)
 Metaspace       used 27491K, committed 28480K, reserved 1114112K
  class space    used 4066K, committed 4544K, reserved 1048576K
}
Event: 7.815 GC heap after
{Heap after GC invocations=7 (full 0):
 garbage-first heap   total 92160K, used 27660K [0x0000000080000000, 0x0000000100000000)
  region size 1024K, 5 young (5120K), 5 survivors (5120K)
 Metaspace       used 27491K, committed 28480K, reserved 1114112K
  class space    used 4066K, committed 4544K, reserved 1048576K
}
Event: 9.146 GC heap before
{Heap before GC invocations=7 (full 0):
 garbage-first heap   total 92160K, used 76812K [0x0000000080000000, 0x0000000100000000)
  region size 1024K, 54 young (55296K), 5 survivors (5120K)
 Metaspace       used 33620K, committed 34688K, reserved 1114112K
  class space    used 4711K, committed 5248K, reserved 1048576K
}
Event: 9.157 GC heap after
{Heap after GC invocations=8 (full 0):
 garbage-first heap   total 92160K, used 32216K [0x0000000080000000, 0x0000000100000000)
  region size 1024K, 7 young (7168K), 7 survivors (7168K)
 Metaspace       used 33620K, committed 34688K, reserved 1114112K
  class space    used 4711K, committed 5248K, reserved 1048576K
}
Event: 9.444 GC heap before
{Heap before GC invocations=8 (full 0):
 garbage-first heap   total 92160K, used 44504K [0x0000000080000000, 0x0000000100000000)
  region size 1024K, 16 young (16384K), 7 survivors (7168K)
 Metaspace       used 35173K, committed 36160K, reserved 1114112K
  class space    used 4804K, committed 5312K, reserved 1048576K
}
Event: 9.456 GC heap after
{Heap after GC invocations=9 (full 0):
 garbage-first heap   total 92160K, used 34284K [0x0000000080000000, 0x0000000100000000)
  region size 1024K, 2 young (2048K), 2 survivors (2048K)
 Metaspace       used 35173K, committed 36160K, reserved 1114112K
  class space    used 4804K, committed 5312K, reserved 1048576K
}
Event: 10.672 GC heap before
{Heap before GC invocations=10 (full 0):
 garbage-first heap   total 92160K, used 77292K [0x0000000080000000, 0x0000000100000000)
  region size 1024K, 44 young (45056K), 2 survivors (2048K)
 Metaspace       used 40023K, committed 41472K, reserved 1114112K
  class space    used 5618K, committed 6336K, reserved 1048576K
}
Event: 10.677 GC heap after
{Heap after GC invocations=11 (full 0):
 garbage-first heap   total 92160K, used 36148K [0x0000000080000000, 0x0000000100000000)
  region size 1024K, 4 young (4096K), 4 survivors (4096K)
 Metaspace       used 40023K, committed 41472K, reserved 1114112K
  class space    used 5618K, committed 6336K, reserved 1048576K
}
Event: 12.249 GC heap before
{Heap before GC invocations=11 (full 0):
 garbage-first heap   total 92160K, used 80180K [0x0000000080000000, 0x0000000100000000)
  region size 1024K, 46 young (47104K), 4 survivors (4096K)
 Metaspace       used 44227K, committed 45760K, reserved 1114112K
  class space    used 6268K, committed 7040K, reserved 1048576K
}
Event: 12.259 GC heap after
{Heap after GC invocations=12 (full 0):
 garbage-first heap   total 92160K, used 42561K [0x0000000080000000, 0x0000000100000000)
  region size 1024K, 6 young (6144K), 6 survivors (6144K)
 Metaspace       used 44227K, committed 45760K, reserved 1114112K
  class space    used 6268K, committed 7040K, reserved 1048576K
}
Event: 12.724 GC heap before
{Heap before GC invocations=12 (full 0):
 garbage-first heap   total 92160K, used 80449K [0x0000000080000000, 0x0000000100000000)
  region size 1024K, 42 young (43008K), 6 survivors (6144K)
 Metaspace       used 46173K, committed 47744K, reserved 1114112K
  class space    used 6440K, committed 7232K, reserved 1048576K
}
Event: 12.733 GC heap after
{Heap after GC invocations=13 (full 0):
 garbage-first heap   total 92160K, used 44691K [0x0000000080000000, 0x0000000100000000)
  region size 1024K, 2 young (2048K), 2 survivors (2048K)
 Metaspace       used 46173K, committed 47744K, reserved 1114112K
  class space    used 6440K, committed 7232K, reserved 1048576K
}
Event: 13.582 GC heap before
{Heap before GC invocations=13 (full 0):
 garbage-first heap   total 92160K, used 81555K [0x0000000080000000, 0x0000000100000000)
  region size 1024K, 38 young (38912K), 2 survivors (2048K)
 Metaspace       used 50807K, committed 52480K, reserved 1114112K
  class space    used 7076K, committed 7872K, reserved 1048576K
}
Event: 13.586 GC heap after
{Heap after GC invocations=14 (full 0):
 garbage-first heap   total 92160K, used 45712K [0x0000000080000000, 0x0000000100000000)
  region size 1024K, 3 young (3072K), 3 survivors (3072K)
 Metaspace       used 50807K, committed 52480K, reserved 1114112K
  class space    used 7076K, committed 7872K, reserved 1048576K
}
Event: 14.524 GC heap before
{Heap before GC invocations=15 (full 0):
 garbage-first heap   total 92160K, used 82576K [0x0000000080000000, 0x0000000100000000)
  region size 1024K, 39 young (39936K), 3 survivors (3072K)
 Metaspace       used 55350K, committed 57152K, reserved 1114112K
  class space    used 7775K, committed 8704K, reserved 1048576K
}
Event: 14.532 GC heap after
{Heap after GC invocations=16 (full 0):
 garbage-first heap   total 92160K, used 47966K [0x0000000080000000, 0x0000000100000000)
  region size 1024K, 4 young (4096K), 4 survivors (4096K)
 Metaspace       used 55350K, committed 57152K, reserved 1114112K
  class space    used 7775K, committed 8704K, reserved 1048576K
}
Event: 15.837 GC heap before
{Heap before GC invocations=16 (full 0):
 garbage-first heap   total 92160K, used 81758K [0x0000000080000000, 0x0000000100000000)
  region size 1024K, 37 young (37888K), 4 survivors (4096K)
 Metaspace       used 60164K, committed 62080K, reserved 1114112K
  class space    used 8461K, committed 9408K, reserved 1048576K
}
Event: 15.845 GC heap after
{Heap after GC invocations=17 (full 0):
 garbage-first heap   total 110592K, used 49316K [0x0000000080000000, 0x0000000100000000)
  region size 1024K, 5 young (5120K), 5 survivors (5120K)
 Metaspace       used 60164K, committed 62080K, reserved 1114112K
  class space    used 8461K, committed 9408K, reserved 1048576K
}

Dll operation events (15 events):
Event: 0.019 Loaded shared library C:\Program Files\Java\jdk-21\jdk-21.0.7\bin\java.dll
Event: 0.062 Loaded shared library C:\Program Files\Java\jdk-21\jdk-21.0.7\bin\jsvml.dll
Event: 0.135 Loaded shared library C:\Program Files\Java\jdk-21\jdk-21.0.7\bin\zip.dll
Event: 0.141 Loaded shared library C:\Program Files\Java\jdk-21\jdk-21.0.7\bin\instrument.dll
Event: 0.149 Loaded shared library C:\Program Files\Java\jdk-21\jdk-21.0.7\bin\net.dll
Event: 0.153 Loaded shared library C:\Program Files\Java\jdk-21\jdk-21.0.7\bin\nio.dll
Event: 0.156 Loaded shared library C:\Program Files\Java\jdk-21\jdk-21.0.7\bin\zip.dll
Event: 0.613 Loaded shared library C:\Program Files\Java\jdk-21\jdk-21.0.7\bin\jimage.dll
Event: 0.906 Loaded shared library C:\Program Files\Java\jdk-21\jdk-21.0.7\bin\verify.dll
Event: 1.105 Loaded shared library C:\Users\lynn\.gradle\native\1def1411415f61bf3af743bc5b6707747c0891f09f0c88961ee8f79bc544acac\windows-amd64\native-platform.dll
Event: 1.127 Loaded shared library C:\Users\lynn\.gradle\native\0.2.7\x86_64-windows-gnu\gradle-fileevents.dll
Event: 3.121 Loaded shared library C:\Program Files\Java\jdk-21\jdk-21.0.7\bin\management.dll
Event: 3.130 Loaded shared library C:\Program Files\Java\jdk-21\jdk-21.0.7\bin\management_ext.dll
Event: 3.509 Loaded shared library C:\Program Files\Java\jdk-21\jdk-21.0.7\bin\extnet.dll
Event: 3.915 Loaded shared library C:\Program Files\Java\jdk-21\jdk-21.0.7\bin\sunmscapi.dll

Deoptimization events (20 events):
Event: 16.118 Thread 0x0000025888250960 DEOPT PACKING pc=0x0000025834c3d5f4 sp=0x000000d0057f5bc0
Event: 16.118 Thread 0x0000025888250960 DEOPT UNPACKING pc=0x00000258343646a2 sp=0x000000d0057f5af0 mode 2
Event: 16.119 Thread 0x0000025888250960 Uncommon trap: trap_request=0xffffff45 fr.pc=0x0000025834c3ddc0 relative=0x0000000000000300
Event: 16.119 Thread 0x0000025888250960 Uncommon trap: reason=unstable_if action=reinterpret pc=0x0000025834c3ddc0 method=java.lang.String.startsWith(Ljava/lang/String;I)Z @ 116 c2
Event: 16.120 Thread 0x0000025888250960 DEOPT PACKING pc=0x0000025834c3ddc0 sp=0x000000d0057f5b80
Event: 16.120 Thread 0x0000025888250960 DEOPT UNPACKING pc=0x00000258343646a2 sp=0x000000d0057f5b08 mode 2
Event: 16.129 Thread 0x0000025888250960 Uncommon trap: trap_request=0xffffff45 fr.pc=0x00000258348f5bb0 relative=0x0000000000000f90
Event: 16.129 Thread 0x0000025888250960 Uncommon trap: reason=unstable_if action=reinterpret pc=0x00000258348f5bb0 method=java.util.concurrent.ConcurrentHashMap.putVal(Ljava/lang/Object;Ljava/lang/Object;Z)Ljava/lang/Object; @ 245 c2
Event: 16.129 Thread 0x0000025888250960 DEOPT PACKING pc=0x00000258348f5bb0 sp=0x000000d0057f5b30
Event: 16.129 Thread 0x0000025888250960 DEOPT UNPACKING pc=0x00000258343646a2 sp=0x000000d0057f5ab8 mode 2
Event: 16.137 Thread 0x0000025888250960 Uncommon trap: trap_request=0xffffff45 fr.pc=0x00000258349b2c3c relative=0x00000000000013fc
Event: 16.137 Thread 0x0000025888250960 Uncommon trap: reason=unstable_if action=reinterpret pc=0x00000258349b2c3c method=java.util.concurrent.ConcurrentHashMap.transfer([Ljava/util/concurrent/ConcurrentHashMap$Node;[Ljava/util/concurrent/ConcurrentHashMap$Node;)V @ 352 c2
Event: 16.137 Thread 0x0000025888250960 DEOPT PACKING pc=0x00000258349b2c3c sp=0x000000d0057f59a0
Event: 16.137 Thread 0x0000025888250960 DEOPT UNPACKING pc=0x00000258343646a2 sp=0x000000d0057f5938 mode 2
Event: 16.182 Thread 0x0000025888250960 DEOPT PACKING pc=0x0000025834bfad34 sp=0x000000d0057f07a0
Event: 16.182 Thread 0x0000025888250960 DEOPT UNPACKING pc=0x0000025834364e42 sp=0x000000d0057efa90 mode 0
Event: 16.182 Thread 0x0000025888250960 DEOPT PACKING pc=0x0000025834bfad34 sp=0x000000d0057f1e60
Event: 16.182 Thread 0x0000025888250960 DEOPT UNPACKING pc=0x0000025834364e42 sp=0x000000d0057f1150 mode 0
Event: 16.189 Thread 0x0000025888250960 DEOPT PACKING pc=0x000002582d9694a2 sp=0x000000d0057f5860
Event: 16.189 Thread 0x0000025888250960 DEOPT UNPACKING pc=0x0000025834364e42 sp=0x000000d0057f4d70 mode 0

Classes loaded (20 events):
Event: 16.187 Loading class java/net/SocketTimeoutException
Event: 16.187 Loading class java/net/SocketTimeoutException done
Event: 16.187 Loading class java/net/ConnectException
Event: 16.187 Loading class java/net/ConnectException done
Event: 16.187 Loading class java/net/NoRouteToHostException
Event: 16.188 Loading class java/net/NoRouteToHostException done
Event: 16.302 Loading class sun/net/spi/DefaultProxySelector$NonProxyInfo
Event: 16.303 Loading class sun/net/spi/DefaultProxySelector$NonProxyInfo done
Event: 16.303 Loading class sun/net/spi/DefaultProxySelector$3
Event: 16.303 Loading class sun/net/spi/DefaultProxySelector$3 done
Event: 16.388 Loading class java/util/concurrent/ConcurrentSkipListMap$KeySet
Event: 16.389 Loading class java/util/concurrent/ConcurrentSkipListMap$KeySet done
Event: 16.389 Loading class java/util/concurrent/ConcurrentSkipListMap$KeyIterator
Event: 16.390 Loading class java/util/concurrent/ConcurrentSkipListMap$KeyIterator done
Event: 16.390 Loading class java/net/InetAddress$NameServiceAddresses
Event: 16.390 Loading class java/net/InetAddress$Addresses
Event: 16.391 Loading class java/net/InetAddress$Addresses done
Event: 16.391 Loading class java/net/InetAddress$NameServiceAddresses done
Event: 16.391 Loading class java/net/spi/InetAddressResolverProvider
Event: 16.391 Loading class java/net/spi/InetAddressResolverProvider done

Classes unloaded (0 events):
No events

Classes redefined (0 events):
No events

Internal exceptions (20 events):
Event: 14.641 Thread 0x0000025888250960 Exception <a 'java/lang/ClassNotFoundException'{0x0000000086a83858}: org/gradle/internal/serialize/codecs/core/ClosureCodec$BrokenScriptCustomizer> (0x0000000086a83858) 
thrown [s\open\src\hotspot\share\classfile\systemDictionary.cpp, line 312]
Event: 14.644 Thread 0x0000025888250960 Exception <a 'java/lang/ClassNotFoundException'{0x0000000086a9d8d0}: org/gradle/api/invocation/GradleBeanInfo> (0x0000000086a9d8d0) 
thrown [s\open\src\hotspot\share\classfile\systemDictionary.cpp, line 312]
Event: 14.645 Thread 0x0000025888250960 Exception <a 'java/lang/ClassNotFoundException'{0x0000000086aa98e0}: org/gradle/api/invocation/GradleCustomizer> (0x0000000086aa98e0) 
thrown [s\open\src\hotspot\share\classfile\systemDictionary.cpp, line 312]
Event: 14.648 Thread 0x0000025888250960 Exception <a 'java/lang/NoSuchMethodError'{0x0000000086acc0f8}: 'void java.lang.invoke.Invokers$Holder.invokeExact_MT(java.lang.Object, java.lang.Object, int, java.lang.Object)'> (0x0000000086acc0f8) 
thrown [s\open\src\hotspot\share\interpreter\linkResolver.cpp, line 773]
Event: 14.655 Thread 0x0000025888250960 Exception <a 'java/lang/NoSuchMethodError'{0x0000000086afd838}: 'void java.lang.invoke.Invokers$Holder.invokeExact_MT(java.lang.Object, java.lang.Object, long, java.lang.Object)'> (0x0000000086afd838) 
thrown [s\open\src\hotspot\share\interpreter\linkResolver.cpp, line 773]
Event: 14.952 Thread 0x0000025888250960 Exception <a 'java/lang/NoSuchMethodError'{0x0000000084fbfb48}: 'long java.lang.invoke.DirectMethodHandle$Holder.invokeStatic(java.lang.Object, long)'> (0x0000000084fbfb48) 
thrown [s\open\src\hotspot\share\interpreter\linkResolver.cpp, line 773]
Event: 15.059 Thread 0x0000025888250960 Implicit null exception at 0x0000025834b675e0 to 0x0000025834b679cc
Event: 15.115 Thread 0x0000025888250960 Exception <a 'java/lang/NoSuchMethodError'{0x0000000084a3be00}: 'java.lang.Object java.lang.invoke.DirectMethodHandle$Holder.invokeVirtual(java.lang.Object, java.lang.Object, java.lang.Object, java.lang.Object, java.lang.Object, java.lang.Object, java.lang.Object, java.lang.Object, java.lang.Object, java.lang.Object, java.lang.Object, java.lang.Object, java.lang.Object, java.lang.Object, java.lang.Object, java.lang.Object, java.lang.Object)'> (0x0000000084a3be00) 
thrown [s\open\src\hotspot\share\interpret
Event: 15.115 Thread 0x0000025888250960 Exception <a 'java/lang/NoSuchMethodError'{0x0000000084a41cb0}: 'java.lang.Object java.lang.invoke.DirectMethodHandle$Holder.invokeSpecial(java.lang.Object, java.lang.Object, java.lang.Object, java.lang.Object, java.lang.Object, java.lang.Object, java.lang.Object, java.lang.Object, java.lang.Object, java.lang.Object, java.lang.Object, java.lang.Object, java.lang.Object, java.lang.Object, java.lang.Object, java.lang.Object, java.lang.Object, java.lang.Object)'> (0x0000000084a41cb0) 
thrown [s\open\src\hotsp
Event: 15.115 Thread 0x0000025888250960 Exception <a 'java/lang/NoSuchMethodError'{0x0000000084a47208}: 'java.lang.Object java.lang.invoke.DelegatingMethodHandle$Holder.reinvoke_L(java.lang.Object, java.lang.Object, java.lang.Object, java.lang.Object, java.lang.Object, java.lang.Object, java.lang.Object, java.lang.Object, java.lang.Object, java.lang.Object, java.lang.Object, java.lang.Object, java.lang.Object, java.lang.Object, java.lang.Object, java.lang.Object, java.lang.Object)'> (0x0000000084a47208) 
thrown [s\open\src\hotspot\share\interpre
Event: 15.416 Thread 0x0000025888250960 Exception <a 'java/lang/NoSuchMethodError'{0x00000000842181d8}: static Lorg/gradle/api/internal/catalog/DefaultVersionCatalog;.<clinit>()V> (0x00000000842181d8) 
thrown [s\open\src\hotspot\share\prims\jni.cpp, line 1111]
Event: 15.421 Thread 0x0000025888250960 Exception <a 'java/lang/NoSuchMethodError'{0x000000008424fb80}: static [Ljava/lang/Object;.<clinit>()V> (0x000000008424fb80) 
thrown [s\open\src\hotspot\share\prims\jni.cpp, line 1111]
Event: 15.430 Thread 0x0000025888250960 Exception <a 'java/lang/NoSuchMethodError'{0x0000000084277200}: static Lorg/gradle/api/internal/catalog/DependencyModel;.<clinit>()V> (0x0000000084277200) 
thrown [s\open\src\hotspot\share\prims\jni.cpp, line 1111]
Event: 15.430 Thread 0x0000025888250960 Exception <a 'java/lang/NoSuchMethodError'{0x000000008427b060}: static Lorg/gradle/api/internal/catalog/AbstractContextAwareModel;.<clinit>()V> (0x000000008427b060) 
thrown [s\open\src\hotspot\share\prims\jni.cpp, line 1111]
Event: 15.433 Thread 0x0000025888250960 Exception <a 'java/lang/NoSuchMethodError'{0x0000000084295148}: static Lorg/gradle/api/internal/artifacts/dependencies/AbstractVersionConstraint;.<clinit>()V> (0x0000000084295148) 
thrown [s\open\src\hotspot\share\prims\jni.cpp, line 1111]
Event: 15.459 Thread 0x0000025888250960 Exception <a 'java/lang/NoSuchMethodError'{0x00000000842f5d38}: static Lorg/gradle/api/internal/catalog/PluginModel;.<clinit>()V> (0x00000000842f5d38) 
thrown [s\open\src\hotspot\share\prims\jni.cpp, line 1111]
Event: 15.461 Thread 0x0000025888250960 Exception <a 'java/lang/NoSuchMethodError'{0x000000008410de30}: static Lorg/gradle/api/internal/catalog/VersionModel;.<clinit>()V> (0x000000008410de30) 
thrown [s\open\src\hotspot\share\prims\jni.cpp, line 1111]
Event: 15.671 Thread 0x000002588806a420 Exception <a 'java/lang/NoSuchMethodError'{0x0000000083b07a00}: static Lorg/gradle/internal/build/event/types/DefaultFileDownloadDescriptor;.<clinit>()V> (0x0000000083b07a00) 
thrown [s\open\src\hotspot\share\prims\jni.cpp, line 1111]
Event: 15.749 Thread 0x0000025888250960 Exception <a 'sun/nio/fs/WindowsException'{0x0000000083a737e0}> (0x0000000083a737e0) 
thrown [s\open\src\hotspot\share\prims\jni.cpp, line 520]
Event: 15.869 Thread 0x0000025888250960 Exception <a 'java/lang/NoSuchMethodError'{0x0000000087e8fe40}: 'void java.lang.invoke.DirectMethodHandle$Holder.invokeVirtual(java.lang.Object, java.lang.Object)'> (0x0000000087e8fe40) 
thrown [s\open\src\hotspot\share\interpreter\linkResolver.cpp, line 773]

ZGC Phase Switch (0 events):
No events

VM Operations (20 events):
Event: 15.549 Executing VM operation: Cleanup
Event: 15.550 Executing VM operation: Cleanup done
Event: 15.689 Executing VM operation: HandshakeAllThreads (Deoptimize)
Event: 15.689 Executing VM operation: HandshakeAllThreads (Deoptimize) done
Event: 15.750 Executing VM operation: HandshakeAllThreads (Deoptimize)
Event: 15.751 Executing VM operation: HandshakeAllThreads (Deoptimize) done
Event: 15.760 Executing VM operation: HandshakeAllThreads (Deoptimize)
Event: 15.760 Executing VM operation: HandshakeAllThreads (Deoptimize) done
Event: 15.762 Executing VM operation: HandshakeAllThreads (Deoptimize)
Event: 15.762 Executing VM operation: HandshakeAllThreads (Deoptimize) done
Event: 15.837 Executing VM operation: G1CollectForAllocation (G1 Evacuation Pause)
Event: 15.845 Executing VM operation: G1CollectForAllocation (G1 Evacuation Pause) done
Event: 15.854 Executing VM operation: HandshakeAllThreads (Deoptimize)
Event: 15.854 Executing VM operation: HandshakeAllThreads (Deoptimize) done
Event: 16.046 Executing VM operation: HandshakeAllThreads (Deoptimize)
Event: 16.046 Executing VM operation: HandshakeAllThreads (Deoptimize) done
Event: 16.182 Executing VM operation: HandshakeAllThreads (Deoptimize)
Event: 16.182 Executing VM operation: HandshakeAllThreads (Deoptimize) done
Event: 16.364 Executing VM operation: HandshakeAllThreads (Deoptimize)
Event: 16.364 Executing VM operation: HandshakeAllThreads (Deoptimize) done

Events (20 events):
Event: 13.680 Thread 0x0000025841204700 flushing nmethod 0x000002582d451790
Event: 13.680 Thread 0x0000025841204700 flushing nmethod 0x000002582d4bba10
Event: 13.680 Thread 0x0000025841204700 flushing nmethod 0x000002582d4bc090
Event: 13.680 Thread 0x0000025841204700 flushing nmethod 0x000002582d4bc390
Event: 13.680 Thread 0x0000025841204700 flushing nmethod 0x000002582d4e6d90
Event: 13.680 Thread 0x0000025841204700 flushing nmethod 0x000002582d4eac10
Event: 13.680 Thread 0x0000025841204700 flushing nmethod 0x000002582d4eb010
Event: 13.680 Thread 0x0000025841204700 flushing nmethod 0x000002582d4f7490
Event: 13.680 Thread 0x0000025841204700 flushing nmethod 0x000002582d4f7e90
Event: 13.680 Thread 0x0000025841204700 flushing nmethod 0x000002582d531c90
Event: 13.680 Thread 0x0000025841204700 flushing nmethod 0x000002582d533e10
Event: 13.680 Thread 0x0000025841204700 flushing nmethod 0x000002582d552390
Event: 13.680 Thread 0x0000025841204700 flushing nmethod 0x000002582d552a90
Event: 13.680 Thread 0x0000025841204700 flushing nmethod 0x000002582d552f10
Event: 13.680 Thread 0x0000025841204700 flushing nmethod 0x000002582d553710
Event: 13.680 Thread 0x0000025841204700 flushing nmethod 0x000002582d555010
Event: 13.680 Thread 0x0000025841204700 flushing nmethod 0x000002582d5aa610
Event: 13.680 Thread 0x0000025841204700 flushing nmethod 0x000002582d649b90
Event: 14.383 Thread 0x000002588989bcf0 Thread exited: 0x000002588989bcf0
Event: 14.607 Thread 0x000002588a865030 Thread added: 0x000002588a865030


Dynamic libraries:
0x00007ff726980000 - 0x00007ff726990000 	C:\Program Files\Java\jdk-21\jdk-21.0.7\bin\java.exe
0x00007ffc24b50000 - 0x00007ffc24d48000 	C:\WINDOWS\SYSTEM32\ntdll.dll
0x00007ffc23220000 - 0x00007ffc232e2000 	C:\WINDOWS\System32\KERNEL32.DLL
0x00007ffc225b0000 - 0x00007ffc228a6000 	C:\WINDOWS\System32\KERNELBASE.dll
0x00007ffc22420000 - 0x00007ffc22520000 	C:\WINDOWS\System32\ucrtbase.dll
0x00007ffc0a440000 - 0x00007ffc0a45b000 	C:\Program Files\Java\jdk-21\jdk-21.0.7\bin\VCRUNTIME140.dll
0x00007ffc0bb10000 - 0x00007ffc0bb29000 	C:\Program Files\Java\jdk-21\jdk-21.0.7\bin\jli.dll
0x00007ffc22b70000 - 0x00007ffc22c21000 	C:\WINDOWS\System32\ADVAPI32.dll
0x00007ffc23150000 - 0x00007ffc231ee000 	C:\WINDOWS\System32\msvcrt.dll
0x00007ffc22ce0000 - 0x00007ffc22d7f000 	C:\WINDOWS\System32\sechost.dll
0x00007ffc23b20000 - 0x00007ffc23c40000 	C:\WINDOWS\System32\RPCRT4.dll
0x00007ffc228b0000 - 0x00007ffc228d7000 	C:\WINDOWS\System32\bcrypt.dll
0x00007ffc23d90000 - 0x00007ffc23f31000 	C:\WINDOWS\System32\USER32.dll
0x00007ffc221e0000 - 0x00007ffc22202000 	C:\WINDOWS\System32\win32u.dll
0x00007ffc231f0000 - 0x00007ffc2321b000 	C:\WINDOWS\System32\GDI32.dll
0x00007ffc22a50000 - 0x00007ffc22b69000 	C:\WINDOWS\System32\gdi32full.dll
0x00007ffc229b0000 - 0x00007ffc22a4d000 	C:\WINDOWS\System32\msvcp_win.dll
0x00007ffc06720000 - 0x00007ffc069bb000 	C:\WINDOWS\WinSxS\amd64_microsoft.windows.common-controls_6595b64144ccf1df_6.0.19041.6456_none_60b8a6cb71f64256\COMCTL32.dll
0x00007ffc18ee0000 - 0x00007ffc18eea000 	C:\WINDOWS\SYSTEM32\VERSION.dll
0x00007ffc23380000 - 0x00007ffc233af000 	C:\WINDOWS\System32\IMM32.DLL
0x00007ffc09a90000 - 0x00007ffc09a9c000 	C:\Program Files\Java\jdk-21\jdk-21.0.7\bin\vcruntime140_1.dll
0x00007ffbf0f10000 - 0x00007ffbf0f9e000 	C:\Program Files\Java\jdk-21\jdk-21.0.7\bin\msvcp140.dll
0x00007ffbae8d0000 - 0x00007ffbaf5ea000 	C:\Program Files\Java\jdk-21\jdk-21.0.7\bin\server\jvm.dll
0x00007ffc24180000 - 0x00007ffc241eb000 	C:\WINDOWS\System32\WS2_32.dll
0x00007ffc21720000 - 0x00007ffc2176b000 	C:\WINDOWS\SYSTEM32\POWRPROF.dll
0x00007ffc0dcb0000 - 0x00007ffc0dcd7000 	C:\WINDOWS\SYSTEM32\WINMM.dll
0x00007ffc215e0000 - 0x00007ffc215f2000 	C:\WINDOWS\SYSTEM32\UMPDC.dll
0x00007ffc209f0000 - 0x00007ffc20a02000 	C:\WINDOWS\SYSTEM32\kernel.appcore.dll
0x00007ffc094c0000 - 0x00007ffc094ca000 	C:\Program Files\Java\jdk-21\jdk-21.0.7\bin\jimage.dll
0x00007ffc206e0000 - 0x00007ffc208e1000 	C:\WINDOWS\SYSTEM32\DBGHELP.DLL
0x00007ffc01320000 - 0x00007ffc01354000 	C:\WINDOWS\SYSTEM32\dbgcore.DLL
0x00007ffc22520000 - 0x00007ffc225a2000 	C:\WINDOWS\System32\bcryptPrimitives.dll
0x00007ffc075d0000 - 0x00007ffc075df000 	C:\Program Files\Java\jdk-21\jdk-21.0.7\bin\instrument.dll
0x00007ffc04b40000 - 0x00007ffc04b5f000 	C:\Program Files\Java\jdk-21\jdk-21.0.7\bin\java.dll
0x00007ffc233b0000 - 0x00007ffc23b20000 	C:\WINDOWS\System32\SHELL32.dll
0x00007ffc1fe60000 - 0x00007ffc20605000 	C:\WINDOWS\SYSTEM32\windows.storage.dll
0x00007ffc22de0000 - 0x00007ffc23134000 	C:\WINDOWS\System32\combase.dll
0x00007ffc21c10000 - 0x00007ffc21c3b000 	C:\WINDOWS\SYSTEM32\Wldp.dll
0x00007ffc23c40000 - 0x00007ffc23d0d000 	C:\WINDOWS\System32\OLEAUT32.dll
0x00007ffc241f0000 - 0x00007ffc2429d000 	C:\WINDOWS\System32\SHCORE.dll
0x00007ffc23f40000 - 0x00007ffc23f9b000 	C:\WINDOWS\System32\shlwapi.dll
0x00007ffc22110000 - 0x00007ffc22134000 	C:\WINDOWS\SYSTEM32\profapi.dll
0x00007ffbe8ad0000 - 0x00007ffbe8ba7000 	C:\Program Files\Java\jdk-21\jdk-21.0.7\bin\jsvml.dll
0x00007ffc04940000 - 0x00007ffc04958000 	C:\Program Files\Java\jdk-21\jdk-21.0.7\bin\zip.dll
0x00007ffc073e0000 - 0x00007ffc073f0000 	C:\Program Files\Java\jdk-21\jdk-21.0.7\bin\net.dll
0x00007ffc16d60000 - 0x00007ffc16e6a000 	C:\WINDOWS\SYSTEM32\WINHTTP.dll
0x00007ffc21970000 - 0x00007ffc219da000 	C:\WINDOWS\system32\mswsock.dll
0x00007ffc02710000 - 0x00007ffc02726000 	C:\Program Files\Java\jdk-21\jdk-21.0.7\bin\nio.dll
0x00007ffc0bb00000 - 0x00007ffc0bb10000 	C:\Program Files\Java\jdk-21\jdk-21.0.7\bin\verify.dll
0x00007ffc18000000 - 0x00007ffc18027000 	C:\Users\lynn\.gradle\native\1def1411415f61bf3af743bc5b6707747c0891f09f0c88961ee8f79bc544acac\windows-amd64\native-platform.dll
0x00007ffbf6e90000 - 0x00007ffbf6f08000 	C:\Users\lynn\.gradle\native\0.2.7\x86_64-windows-gnu\gradle-fileevents.dll
0x00007ffc09310000 - 0x00007ffc0931a000 	C:\Program Files\Java\jdk-21\jdk-21.0.7\bin\management.dll
0x00007ffc04a30000 - 0x00007ffc04a3b000 	C:\Program Files\Java\jdk-21\jdk-21.0.7\bin\management_ext.dll
0x00007ffc24170000 - 0x00007ffc24178000 	C:\WINDOWS\System32\PSAPI.DLL
0x00007ffc21600000 - 0x00007ffc2163b000 	C:\WINDOWS\SYSTEM32\IPHLPAPI.DLL
0x00007ffc24b00000 - 0x00007ffc24b08000 	C:\WINDOWS\System32\NSI.dll
0x00007ffc03a50000 - 0x00007ffc03a59000 	C:\Program Files\Java\jdk-21\jdk-21.0.7\bin\extnet.dll
0x00007ffc21b70000 - 0x00007ffc21b88000 	C:\WINDOWS\SYSTEM32\CRYPTSP.dll
0x00007ffc21220000 - 0x00007ffc21258000 	C:\WINDOWS\system32\rsaenh.dll
0x00007ffc220d0000 - 0x00007ffc220fe000 	C:\WINDOWS\SYSTEM32\USERENV.dll
0x00007ffc21b60000 - 0x00007ffc21b6c000 	C:\WINDOWS\SYSTEM32\CRYPTBASE.dll
0x00007ffc02820000 - 0x00007ffc0282e000 	C:\Program Files\Java\jdk-21\jdk-21.0.7\bin\sunmscapi.dll
0x00007ffc22210000 - 0x00007ffc2236d000 	C:\WINDOWS\System32\CRYPT32.dll
0x00007ffc21c80000 - 0x00007ffc21ca7000 	C:\WINDOWS\SYSTEM32\ncrypt.dll
0x00007ffc21c40000 - 0x00007ffc21c7b000 	C:\WINDOWS\SYSTEM32\NTASN1.dll
0x00007ffc1ccb0000 - 0x00007ffc1ccb7000 	C:\WINDOWS\system32\wshunix.dll
0x00007ffc21650000 - 0x00007ffc2171a000 	C:\WINDOWS\SYSTEM32\DNSAPI.dll
0x00007ffc1a5a0000 - 0x00007ffc1a5aa000 	C:\Windows\System32\rasadhlp.dll
0x00007ffc0fec0000 - 0x00007ffc0ff40000 	C:\WINDOWS\System32\fwpuclnt.dll

dbghelp: loaded successfully - version: 4.0.5 - missing functions: none
symbol engine: initialized successfully - sym options: 0x614 - pdb path: .;C:\Program Files\Java\jdk-21\jdk-21.0.7\bin;C:\WINDOWS\SYSTEM32;C:\WINDOWS\WinSxS\amd64_microsoft.windows.common-controls_6595b64144ccf1df_6.0.19041.6456_none_60b8a6cb71f64256;C:\Program Files\Java\jdk-21\jdk-21.0.7\bin\server;C:\Users\lynn\.gradle\native\1def1411415f61bf3af743bc5b6707747c0891f09f0c88961ee8f79bc544acac\windows-amd64;C:\Users\lynn\.gradle\native\0.2.7\x86_64-windows-gnu

VM Arguments:
jvm_args: --add-opens=java.base/java.lang=ALL-UNNAMED --add-opens=java.base/java.lang.invoke=ALL-UNNAMED --add-opens=java.base/java.util=ALL-UNNAMED --add-opens=java.prefs/java.util.prefs=ALL-UNNAMED --add-exports=jdk.compiler/com.sun.tools.javac.api=ALL-UNNAMED --add-exports=jdk.compiler/com.sun.tools.javac.util=ALL-UNNAMED --add-opens=java.base/java.util=ALL-UNNAMED --add-opens=java.prefs/java.util.prefs=ALL-UNNAMED --add-opens=java.base/java.nio.charset=ALL-UNNAMED --add-opens=java.base/java.net=ALL-UNNAMED --add-opens=java.base/java.util.concurrent.atomic=ALL-UNNAMED --add-opens=java.xml/javax.xml.namespace=ALL-UNNAMED -Xmx2048m -Dfile.encoding=UTF-8 -Duser.country=KR -Duser.language=ko -Duser.variant -javaagent:C:\Users\lynn\.gradle\wrapper\dists\gradle-8.13-bin\5xuhj0ry160q40clulazy9h7d\gradle-8.13\lib\agents\gradle-instrumentation-agent-8.13.jar 
java_command: org.gradle.launcher.daemon.bootstrap.GradleDaemon 8.13
java_class_path (initial): C:\Users\lynn\.gradle\wrapper\dists\gradle-8.13-bin\5xuhj0ry160q40clulazy9h7d\gradle-8.13\lib\gradle-daemon-main-8.13.jar
Launcher Type: SUN_STANDARD

[Global flags]
     intx CICompilerCount                          = 3                                         {product} {ergonomic}
     uint ConcGCThreads                            = 1                                         {product} {ergonomic}
     uint G1ConcRefinementThreads                  = 4                                         {product} {ergonomic}
   size_t G1HeapRegionSize                         = 1048576                                   {product} {ergonomic}
    uintx GCDrainStackTargetSize                   = 64                                        {product} {ergonomic}
   size_t InitialHeapSize                          = 134217728                                 {product} {ergonomic}
   size_t MarkStackSize                            = 4194304                                   {product} {ergonomic}
   size_t MaxHeapSize                              = 2147483648                                {product} {command line}
   size_t MaxNewSize                               = 1287651328                                {product} {ergonomic}
   size_t MinHeapDeltaBytes                        = 1048576                                   {product} {ergonomic}
   size_t MinHeapSize                              = 8388608                                   {product} {ergonomic}
    uintx NonNMethodCodeHeapSize                   = 5832780                                {pd product} {ergonomic}
    uintx NonProfiledCodeHeapSize                  = 122912730                              {pd product} {ergonomic}
    uintx ProfiledCodeHeapSize                     = 122912730                              {pd product} {ergonomic}
    uintx ReservedCodeCacheSize                    = 251658240                              {pd product} {ergonomic}
     bool SegmentedCodeCache                       = true                                      {product} {ergonomic}
   size_t SoftMaxHeapSize                          = 2147483648                             {manageable} {ergonomic}
     bool UseCompressedOops                        = true                           {product lp64_product} {ergonomic}
     bool UseG1GC                                  = true                                      {product} {ergonomic}
     bool UseLargePagesIndividualAllocation        = false                                  {pd product} {ergonomic}

Logging:
Log output configuration:
 #0: stdout all=warning uptime,level,tags foldmultilines=false
 #1: stderr all=off uptime,level,tags foldmultilines=false

Environment Variables:
JAVA_HOME=C:\Program Files\Java\jdk-21\jdk-21.0.7
CLASSPATH="C:\Program Files\Java\jdk-21\jdk-21.0.7\lib;.";.;
PATH=C:\Program Files (x86)\VMware\VMware Workstation\bin\;C:\Python313\Scripts\;C:\Python313\;C:\Program Files\Common Files\Oracle\Java\javapath;C:\Program Files (x86)\Intel\iCLS Client\;C:\Program Files\Intel\iCLS Client\;C:\WINDOWS\system32;C:\WINDOWS;C:\WINDOWS\System32\Wbem;C:\WINDOWS\System32\WindowsPowerShell\v1.0\;C:\Program Files (x86)\Intel\Intel(R) Management Engine Components\DAL;C:\Program Files\Intel\Intel(R) Management Engine Components\DAL;C:\Program Files (x86)\Intel\Intel(R) Management Engine Components\IPT;C:\Program Files\Intel\Intel(R) Management Engine Components\IPT;C:\Program Files\Intel\WiFi\bin\;C:\Program Files\Common Files\Intel\WirelessCommon\;C:\Program Files\Bandizip\;C:\Program Files\dotnet\;C:\WINDOWS\System32\OpenSSH\;C:\ProgramData\chocolatey\bin;C:\Program Files\Java\jdk-21\jdk-21.0.7\bin;C:\sqlite;C:\;C:\Program Files\Git\cmd;C:\Anaconda3;C:\Anaconda3\Library\mingw-w64\bin;C:\Anaconda3\Library\usr\bin;C:\Anaconda3\Library;C:\Users\lynn\AppData\Local\Microsoft\WindowsApps;
USERNAME=lynn
OS=Windows_NT
PROCESSOR_IDENTIFIER=Intel64 Family 6 Model 142 Stepping 9, GenuineIntel
TMP=C:\Users\lynn\AppData\Local\Temp
TEMP=C:\Users\lynn\AppData\Local\Temp




Periodic native trim disabled

---------------  S Y S T E M  ---------------

OS:
 Windows 10 , 64 bit Build 19041 (10.0.19041.5915)
OS uptime: 0 days 1:55 hours

CPU: total 4 (initial active 4) (2 cores per cpu, 2 threads per core) family 6 model 142 stepping 9 microcode 0xb4, cx8, cmov, fxsr, ht, mmx, 3dnowpref, sse, sse2, sse3, ssse3, sse4.1, sse4.2, popcnt, lzcnt, tsc, tscinvbit, avx, avx2, aes, erms, clmul, bmi1, bmi2, adx, fma, vzeroupper, clflush, clflushopt, rdtscp, f16c
Processor Information for all 4 processors :
  Max Mhz: 2712, Current Mhz: 2511, Mhz Limit: 2495

Memory: 4k page, system-wide physical 8105M (396M free)
TotalPageFile size 12201M (AvailPageFile size 6M)
current process WorkingSet (physical memory assigned to process): 296M, peak: 298M
current process commit charge ("private bytes"): 342M, peak: 342M

vm_info: Java HotSpot(TM) 64-Bit Server VM (21.0.7+8-LTS-245) for windows-amd64 JRE (21.0.7+8-LTS-245), built on 2025-02-21T05:11:27Z by "mach5one" with MS VC++ 17.6 (VS2022)

END.
